[debug] [2026-03-09T03:07:07.256Z] ----------------------------------------------------------------------
[debug] [2026-03-09T03:07:07.268Z] Command:       C:\nvm4w\nodejs\node.exe C:\nvm4w\nodejs\node_modules\firebase-tools\lib\bin\firebase.js init functions
[debug] [2026-03-09T03:07:07.269Z] CLI Version:   15.9.0
[debug] [2026-03-09T03:07:07.269Z] Platform:      win32
[debug] [2026-03-09T03:07:07.270Z] Node Version:  v22.19.0
[debug] [2026-03-09T03:07:07.270Z] Time:          Mon Mar 09 2026 11:07:07 GMT+0800 (Philippine Standard Time)
[debug] [2026-03-09T03:07:07.270Z] ----------------------------------------------------------------------
[debug] 
[debug] [2026-03-09T03:07:07.276Z] >>> [apiv2][query] GET https://firebase-public.firebaseio.com/cli.json [none]
[info] 
     ######## #### ########  ######## ########     ###     ######  ########
     ##        ##  ##     ## ##       ##     ##  ##   ##  ##       ##
     ######    ##  ########  ######   ########  #########  ######  ######
     ##        ##  ##    ##  ##       ##     ## ##     ##       ## ##
     ##       #### ##     ## ######## ########  ##     ##  ######  ########

You're about to initialize a Firebase project in this directory:

  C:\Users\ihs102\Desktop\car-inventory-shopify

[debug] [2026-03-09T03:07:11.711Z] <<< [apiv2][status] GET https://firebase-public.firebaseio.com/cli.json 200
[debug] [2026-03-09T03:07:11.711Z] <<< [apiv2][body] GET https://firebase-public.firebaseio.com/cli.json {"cloudBuildErrorAfter":1594252800000,"cloudBuildWarnAfter":1590019200000,"defaultNode10After":1594252800000,"minVersion":"3.0.5","node8DeploysDisabledAfter":1613390400000,"node8RuntimeDisabledAfter":1615809600000,"node8WarnAfter":1600128000000}
[info] 
=== Project Setup
[info] 
[info] First, let's associate this project directory with a Firebase project.
[info] You can create multiple project aliases by running firebase use --add, 
[info] 
[debug] [2026-03-09T03:32:14.690Z] ExitPromptError: User force closed the prompt with SIGINT
    at Interface.sigint (C:\Users\ihs102\AppData\Roaming\nvm\v22.19.0\node_modules\firebase-tools\node_modules\@inquirer\core\dist\commonjs\lib\create-prompt.js:101:37)
    at Interface.emit (node:events:519:28)
    at [_ttyWrite] [as _ttyWrite] (node:internal/readline/interface:1132:18)
    at ReadStream.onkeypress (node:internal/readline/interface:271:20)
    at ReadStream.emit (node:events:531:35)
    at emitKeys (node:internal/readline/utils:370:14)
    at emitKeys.next (<anonymous>)
    at ReadStream.onData (node:internal/readline/emitKeypressEvents:64:36)
    at ReadStream.emit (node:events:519:28)
    at addChunk (node:internal/streams/readable:561:12)
[error] 
[error] Error: An unexpected error has occurred.
